<?xml version="1.0" encoding="UTF-8"?>
<!-- Generated by org.testng.reporters.JUnitXMLReporter -->
<testsuite ignored="7" hostname="Shubham-Tripathi" failures="0" tests="1" name="Default test" time="6.033" errors="0" timestamp="2025-10-09T11:56:53 IST">
  <testcase classname="practice_08_oct.Ques_1" name="ques_8Test" time="5.955"/>
  <testcase classname="practice_08_oct.Ques_1" name="ques_5Test" time="0.0">
    <ignored/>
  </testcase> <!-- ques_5Test -->
  <testcase classname="practice_08_oct.Ques_1" name="ques_6Test" time="0.0">
    <ignored/>
  </testcase> <!-- ques_6Test -->
  <testcase classname="practice_08_oct.Ques_1" name="ques_4Test" time="0.0">
    <ignored/>
  </testcase> <!-- ques_4Test -->
  <testcase classname="practice_08_oct.Ques_1" name="ques_1Test" time="0.0">
    <ignored/>
  </testcase> <!-- ques_1Test -->
  <testcase classname="practice_08_oct.Ques_1" name="ques_7Test" time="0.0">
    <ignored/>
  </testcase> <!-- ques_7Test -->
  <testcase classname="practice_08_oct.Ques_1" name="ques_2Test" time="0.0">
    <ignored/>
  </testcase> <!-- ques_2Test -->
  <testcase classname="practice_08_oct.Ques_1" name="ques_3Test" time="0.0">
    <ignored/>
  </testcase> <!-- ques_3Test -->
</testsuite> <!-- Default test -->
