<?xml version="1.0" encoding="UTF-8"?>
<!-- Generated by org.testng.reporters.JUnitXMLReporter -->
<testsuite ignored="0" hostname="Shubham-Tripathi" failures="0" tests="3" name="Default test" time="11.429" errors="0" timestamp="2025-09-11T11:48:08 IST">
  <testcase classname="scenario.Weather" name="CurrentWeatherTest" time="10.092"/>
  <testcase classname="scenario.Weather" name="ForecastWeatherTest" time="0.594"/>
  <testcase classname="scenario.Weather" name="InValidCityWeatherTest" time="0.534"/>
</testsuite> <!-- Default test -->
