<?xml version="1.0" encoding="UTF-8"?>
<!-- Generated by org.testng.reporters.JUnitReportReporter -->
<testsuite hostname="Shubham-Tripathi" failures="0" tests="3" name="scenario.Weather" time="11.220" errors="0" timestamp="2025-09-11T11:48:09 IST" skipped="0">
  <testcase classname="scenario.Weather" name="CurrentWeatherTest" time="10.092"/>
  <testcase classname="scenario.Weather" name="ForecastWeatherTest" time="0.594"/>
  <testcase classname="scenario.Weather" name="InValidCityWeatherTest" time="0.534"/>
</testsuite> <!-- scenario.Weather -->
