<?xml version="1.0" encoding="UTF-8"?>
<testng-results ignored="0" total="3" passed="3" failed="0" skipped="0">
  <reporter-output>
  </reporter-output>
  <suite started-at="2025-09-11T11:47:57 IST" name="Default suite" finished-at="2025-09-11T11:48:08 IST" duration-ms="11429">
    <groups>
    </groups>
    <test started-at="2025-09-11T11:47:57 IST" name="Default test" finished-at="2025-09-11T11:48:08 IST" duration-ms="11429">
      <class name="scenario.Weather">
        <test-method signature="CurrentWeatherTest()[pri:0, instance:scenario.Weather@18df8434]" started-at="2025-09-11T11:47:57 IST" name="CurrentWeatherTest" finished-at="2025-09-11T11:48:07 IST" duration-ms="10092" status="PASS">
          <reporter-output>
          </reporter-output>
        </test-method> <!-- CurrentWeatherTest -->
        <test-method signature="ForecastWeatherTest()[pri:0, instance:scenario.Weather@18df8434]" started-at="2025-09-11T11:48:07 IST" name="ForecastWeatherTest" finished-at="2025-09-11T11:48:07 IST" duration-ms="594" status="PASS">
          <reporter-output>
          </reporter-output>
        </test-method> <!-- ForecastWeatherTest -->
        <test-method signature="InValidCityWeatherTest()[pri:0, instance:scenario.Weather@18df8434]" started-at="2025-09-11T11:48:08 IST" name="InValidCityWeatherTest" finished-at="2025-09-11T11:48:08 IST" duration-ms="534" status="PASS">
          <reporter-output>
          </reporter-output>
        </test-method> <!-- InValidCityWeatherTest -->
      </class> <!-- scenario.Weather -->
    </test> <!-- Default test -->
  </suite> <!-- Default suite -->
</testng-results>
